200 GET /api/users?currentPage=1&itemsPerPage=50 284.415
200 GET /api/users?currentPage=1&itemsPerPage=50 168.336
200 GET /api/users?currentPage=1&itemsPerPage=50 153.618
200 GET /api/users?currentPage=1&itemsPerPage=2 92.930
200 GET /api/users?currentPage=1&itemsPerPage=2 216.042
200 GET /api/users?currentPage=1&itemsPerPage=20 135.257
200 GET /api/users?currentPage=1&itemsPerPage=5 96.187
200 GET /api/users?currentPage=1&itemsPerPage=20 1219.904
200 GET /api/users?currentPage=1&itemsPerPage=20&search=la 72.946
200 GET /api/users?currentPage=1&itemsPerPage=20&search=la 134.233
200 GET /api/users?currentPage=1&itemsPerPage=20&search=lai 89.900
200 GET /api/users?currentPage=1&itemsPerPage=20&search=lain 82.378
200 GET /api/users?currentPage=1&itemsPerPage=20&search=lain 84.092
200 GET /api/users?currentPage=1&itemsPerPage=20&search=la 83.503
200 GET /api/users?currentPage=1&itemsPerPage=20&search=lfysh0 64.739
200 GET /api/users?currentPage=1&itemsPerPage=20&search=lfy 62.486
200 GET /api/users?currentPage=1&itemsPerPage=20&search=l 72.091
200 GET /api/users?currentPage=1&itemsPerPage=20&search=l 97.624
200 GET /api/users?currentPage=1&itemsPerPage=20&search=l 104.032
200 GET /api/users?currentPage=1&itemsPerPage=20&search=l 91.805
200 GET /api/users?currentPage=1&itemsPerPage=20&search=l 91.322
200 GET /api/users?currentPage=1&itemsPerPage=20&search=l 107.264
200 GET /api/users?currentPage=1&itemsPerPage=20&search=l 117.920
200 GET /api/users?currentPage=1&itemsPerPage=20&search=lai 85.272
200 GET /api/users?currentPage=1&itemsPerPage=20&search=blogger 113.010
200 GET /api/users?currentPage=1&itemsPerPage=20 103.576
200 GET /api/users?currentPage=52&itemsPerPage=20 113.537
200 GET /api/users?currentPage=52&itemsPerPage=20 152.814
200 GET /api/users/63208c530fad76d7e6e5345c 47.072
200 GET /api/users/632d34b1c320ca6ac591282b 85.890
200 GET /api/users?currentPage=52&itemsPerPage=20 118.396
200 GET /api/users/632d34b1c320ca6ac591282b 70.341
200 GET /api/users/632d34b1c320ca6ac591282b 175.799
200 GET /api/users 150.238
304 GET /api/users 99.113
304 GET /api/users 103.082
304 GET /api/users 97.447
304 GET /api/users 99.315
304 GET /api/users 137.246
304 GET /api/users 147.682
304 GET /api/users 106.671
304 GET /api/users 98.076
304 GET /api/users 92.333
304 GET /api/users 95.426
304 GET /api/users 100.121
304 GET /api/users 93.184
304 GET /api/users 78.007
304 GET /api/users 91.973
304 GET /api/users 84.819
304 GET /api/users 132.562
304 GET /api/users 90.873
304 GET /api/users 94.683
304 GET /api/users 108.799
304 GET /api/users 93.464
304 GET /api/users 88.354
304 GET /api/users 84.872
304 GET /api/users 84.596
304 GET /api/users 122.977
304 GET /api/users 88.092
304 GET /api/users 88.593
304 GET /api/users 90.792
304 GET /api/users 347.968
304 GET /api/users 83.229
304 GET /api/users 94.859
200 GET /api/users?currentPage=1&itemsPerPage=10 90.516
304 GET /api/users?currentPage=1&itemsPerPage=10 78.498
304 GET /api/users?currentPage=1&itemsPerPage=10 89.626
200 GET /api/users?currentPage=2&itemsPerPage=10 89.306
304 GET /api/users?currentPage=1&itemsPerPage=10 87.709
304 GET /api/users?currentPage=2&itemsPerPage=10 93.498
200 GET /api/users?currentPage=3&itemsPerPage=10 88.915
304 GET /api/users?currentPage=2&itemsPerPage=10 87.047
200 GET /api/users?currentPage=1&itemsPerPage=30 113.964
200 GET /api/users?currentPage=1&itemsPerPage=20 110.573
200 GET /api/users?currentPage=2&itemsPerPage=20 106.693
304 GET /api/users?currentPage=1&itemsPerPage=20 107.909
304 GET /api/users?currentPage=1&itemsPerPage=30 128.090
200 GET /api/users?currentPage=35&itemsPerPage=30 193.766
200 GET /api/users?currentPage=103&itemsPerPage=10 138.112
200 GET /api/users?currentPage=102&itemsPerPage=10 171.557
304 GET /api/users?currentPage=103&itemsPerPage=10 129.502
200 GET /api/users?currentPage=101&itemsPerPage=10 139.756
304 GET /api/users?currentPage=103&itemsPerPage=10 131.381
304 GET /api/users?currentPage=102&itemsPerPage=10 123.631
304 GET /api/users?currentPage=101&itemsPerPage=10 89.750
304 GET /api/users?currentPage=1&itemsPerPage=10 93.774
304 GET /api/users?currentPage=1&itemsPerPage=10 91.136
304 GET /api/users?currentPage=2&itemsPerPage=10 90.876
304 GET /api/users?currentPage=3&itemsPerPage=10 93.486
200 GET /api/users?currentPage=4&itemsPerPage=10 87.651
200 GET /api/users?currentPage=5&itemsPerPage=10 90.827
200 GET /api/users?currentPage=7&itemsPerPage=10 87.634
200 GET /api/users?currentPage=8&itemsPerPage=10 84.614
304 GET /api/users?currentPage=1&itemsPerPage=10 83.692
304 GET /api/users?currentPage=2&itemsPerPage=10 642.382
304 GET /api/users?currentPage=3&itemsPerPage=10 80.442
304 GET /api/users?currentPage=4&itemsPerPage=10 83.558
200 GET /api/users?currentPage=6&itemsPerPage=10 88.298
304 GET /api/users?currentPage=4&itemsPerPage=10 119.177
304 GET /api/users?currentPage=2&itemsPerPage=10 117.041
304 GET /api/users?currentPage=4&itemsPerPage=10 81.060
304 GET /api/users?currentPage=6&itemsPerPage=10 84.026
200 POST /api/users 51.095
200 POST /api/users 60.010
200 POST /api/users 63.390
200 POST /api/users 26825.675
200 POST /api/users 47.124
200 POST /api/users 163.202
200 POST /api/users 152.208
200 GET /api/users/images/16,64,46,01,68,524..png 13.201
304 GET /favicon.ico 2.087
200 POST /api/users 210.058
200 GET /api/users/images/16,64,46,02,29,068.png 7.483
304 GET /favicon.ico 2.336
200 POST /api/users 154.388
200 GET /api/users/images/dd8df8ce-2050-47dc-91c1-6d526a6d2948 7.749
304 GET /favicon.ico 1.844
200 GET /api/users/images/dd8df8ce-2050-47dc-91c1-6d526a6d2948.png 1.207
304 GET /favicon.ico 1.504
304 GET /api/users/images/dd8df8ce-2050-47dc-91c1-6d526a6d2948.png 8.925
304 GET /favicon.ico 1.190
200 POST /api/users 195.185
200 GET /api/users/images/f78fe6b3-646f-4320-99ee-6c4e6351a9ed.png 4.236
304 GET /favicon.ico 1.382
200 POST /api/users 150.070
200 POST /api/users 175.393
200 POST /api/users 157.634
304 GET /favicon.ico 2.073
200 POST /api/users 94.072
200 GET /api/users?currentPage=1&itemsPerPage=10 137.716
200 GET /api/users?currentPage=104&itemsPerPage=10 73.329
304 GET /api/users?currentPage=1&itemsPerPage=10 85.106
304 GET /api/users?currentPage=104&itemsPerPage=10 75.660
304 GET /api/users/images/dd8df8ce-2050-47dc-91c1-6d526a6d2948 2.500
304 GET /api/users/images/f78fe6b3-646f-4320-99ee-6c4e6351a9ed.png 1.678
200 GET /api/users/images/7fcce2e1-9716-4d91-badf-8d4b9ec15ae4.png 0.804
200 GET /api/users/images/4fe2d0aa-8c2d-4e67-a122-08134d701671.png 1.435
200 GET /images/c359fa8a-17e5-4d98-a517-aa0a32df9e2e.png 2.104
304 GET /api/users?currentPage=1&itemsPerPage=10 79.093
304 GET /api/users?currentPage=1&itemsPerPage=10 78.150
304 GET /api/users?currentPage=1&itemsPerPage=10 84.877
304 GET /api/users?currentPage=1&itemsPerPage=10 83.558
304 GET /api/users?currentPage=1&itemsPerPage=10 85.561
304 GET /api/users?currentPage=1&itemsPerPage=10 80.160
304 GET /api/users?currentPage=1&itemsPerPage=10 87.278
304 GET /api/users?currentPage=1&itemsPerPage=10 73.901
304 GET /api/users?currentPage=1&itemsPerPage=10 77.347
304 GET /api/users?currentPage=1&itemsPerPage=10 70.687
304 GET /api/users?currentPage=1&itemsPerPage=10 75.587
304 GET /api/users?currentPage=1&itemsPerPage=10 85.841
304 GET /api/users?currentPage=1&itemsPerPage=10 78.309
304 GET /api/users?currentPage=1&itemsPerPage=10 84.260
304 GET /api/users?currentPage=1&itemsPerPage=10 78.858
304 GET /api/users?currentPage=1&itemsPerPage=10 73.452
304 GET /api/users?currentPage=1&itemsPerPage=10 75.459
304 GET /api/users?currentPage=1&itemsPerPage=10 73.123
304 GET /api/users?currentPage=1&itemsPerPage=10 80.958
304 GET /api/users?currentPage=1&itemsPerPage=10 90.644
304 GET /api/users?currentPage=1&itemsPerPage=10 83.361
304 GET /api/users?currentPage=104&itemsPerPage=10 71.904
304 GET /api/users/images/dd8df8ce-2050-47dc-91c1-6d526a6d2948 0.950
304 GET /api/users/images/f78fe6b3-646f-4320-99ee-6c4e6351a9ed.png 1.470
304 GET /api/users/images/7fcce2e1-9716-4d91-badf-8d4b9ec15ae4.png 1.414
304 GET /api/users/images/4fe2d0aa-8c2d-4e67-a122-08134d701671.png 1.393
304 GET /images/c359fa8a-17e5-4d98-a517-aa0a32df9e2e.png 1.259
304 GET /api/users?currentPage=1&itemsPerPage=10 80.352
304 GET /api/users?currentPage=1&itemsPerPage=10 81.231
304 GET /api/users?currentPage=1&itemsPerPage=10 81.797
304 GET /api/users?currentPage=1&itemsPerPage=10 86.829
304 GET /api/users?currentPage=1&itemsPerPage=10 73.101
304 GET /api/users?currentPage=1&itemsPerPage=10 67.927
304 GET /api/users?currentPage=1&itemsPerPage=10 68.597
304 GET /api/users?currentPage=1&itemsPerPage=10 124.822
200 GET /api/users?currentPage=5&itemsPerPage=10 72.582
200 GET /api/users?currentPage=2&itemsPerPage=30 79.534
200 GET /api/users?currentPage=35&itemsPerPage=30 119.539
304 GET /api/users/images/16,64,46,01,68,524..png 1.109
304 GET /api/users/images/dd8df8ce-2050-47dc-91c1-6d526a6d2948 0.828
304 GET /api/users/images/16,64,46,02,29,068.png 0.445
304 GET /api/users/images/7fcce2e1-9716-4d91-badf-8d4b9ec15ae4.png 0.716
304 GET /api/users/images/4fe2d0aa-8c2d-4e67-a122-08134d701671.png 0.691
304 GET /api/users/images/f78fe6b3-646f-4320-99ee-6c4e6351a9ed.png 0.560
304 GET /images/c359fa8a-17e5-4d98-a517-aa0a32df9e2e.png 0.594
200 GET /api/users?currentPage=31&itemsPerPage=30 128.441
200 GET /api/users?currentPage=46&itemsPerPage=20 76.244
304 GET /api/users?currentPage=1&itemsPerPage=10 70.515
200 GET /api/users?currentPage=1&itemsPerPage=30 86.344
304 GET /api/users?currentPage=1&itemsPerPage=10 89.727
304 GET /api/users?currentPage=1&itemsPerPage=10 85.931
304 GET /api/users?currentPage=1&itemsPerPage=10 86.021
200 POST /api/users 133.409
200 POST /api/users 39769.241
200 POST /api/users 33150.890
200 POST /api/users 24582.768
200 POST /api/users 3957.319
200 POST /api/users 3179.893
200 POST /api/users 2913.916
200 POST /api/users 11626.891
200 POST /api/users 42572.740
200 POST /api/users 34402.994
200 POST /api/users 25995.012
200 POST /api/users 40645.221
200 POST /api/users 13137.142
200 GET /api/users?currentPage=1&itemsPerPage=10 115.365
200 GET /api/users?currentPage=105&itemsPerPage=10 87.867
200 GET /api/users?currentPage=35&itemsPerPage=30 121.055
304 GET /api/users/images/16,64,46,01,68,524..png 1.371
304 GET /api/users/images/16,64,46,02,29,068.png 0.916
304 GET /api/users/images/dd8df8ce-2050-47dc-91c1-6d526a6d2948 0.375
304 GET /api/users/images/f78fe6b3-646f-4320-99ee-6c4e6351a9ed.png 0.500
304 GET /api/users/images/7fcce2e1-9716-4d91-badf-8d4b9ec15ae4.png 0.686
304 GET /images/c359fa8a-17e5-4d98-a517-aa0a32df9e2e.png 0.614
304 GET /api/users/images/4fe2d0aa-8c2d-4e67-a122-08134d701671.png 0.665
200 POST /api/users 47802.857
200 POST /api/users 18897.041
200 POST /api/users 25471.374
200 POST /api/users 8084.669
200 GET /api/users?currentPage=1&itemsPerPage=10 128.390
200 GET /api/users?currentPage=106&itemsPerPage=10 69.671
200 POST /api/users 4141.070
200 GET /api/users?currentPage=1&itemsPerPage=10 127.341
200 GET /api/users?currentPage=106&itemsPerPage=10 73.979
200 POST /api/users 8557.551
200 GET /api/users?currentPage=106&itemsPerPage=10 88.497
200 GET /api/users?currentPage=104&itemsPerPage=10 77.955
304 GET /api/users/images/dd8df8ce-2050-47dc-91c1-6d526a6d2948 1.573
304 GET /api/users/images/f78fe6b3-646f-4320-99ee-6c4e6351a9ed.png 0.713
304 GET /api/users/images/7fcce2e1-9716-4d91-badf-8d4b9ec15ae4.png 0.586
304 GET /api/users/images/4fe2d0aa-8c2d-4e67-a122-08134d701671.png 0.335
304 GET /images/c359fa8a-17e5-4d98-a517-aa0a32df9e2e.png 0.286
200 GET /api/users?currentPage=105&itemsPerPage=10 76.362
304 GET /api/users?currentPage=106&itemsPerPage=10 76.342
200 GET /api/users?currentPage=102&itemsPerPage=10 116.765
200 GET /api/users?currentPage=100&itemsPerPage=10 106.275
200 GET /api/users?currentPage=99&itemsPerPage=10 84.456
200 GET /api/users?currentPage=98&itemsPerPage=10 80.409
200 GET /api/users?currentPage=97&itemsPerPage=10 86.878
200 GET /api/users?currentPage=1&itemsPerPage=10 80.001
304 GET /api/users?currentPage=1&itemsPerPage=10 81.907
304 GET /api/users?currentPage=1&itemsPerPage=10 208.130
200 POST /api/users 168.151
304 GET /favicon.ico 1.954
304 GET /favicon.ico 0.878
304 GET /favicon.ico 0.361
200 POST /api/users 94.140
304 GET /favicon.ico 0.486
304 GET /favicon.ico 0.650
304 GET /favicon.ico 0.549
200 GET /api/users?currentPage=1&itemsPerPage=10 139.185
304 GET /api/users?currentPage=1&itemsPerPage=10 74.610
304 GET /api/users?currentPage=1&itemsPerPage=10 69.691
304 GET /api/users?currentPage=1&itemsPerPage=10 74.388
304 GET /api/users?currentPage=1&itemsPerPage=10 77.760
304 GET /api/users?currentPage=1&itemsPerPage=10 67.101
304 GET /api/users?currentPage=1&itemsPerPage=10 95.325
304 GET /api/users?currentPage=1&itemsPerPage=10 99.322
304 GET /api/users?currentPage=1&itemsPerPage=10 67.528
304 GET /api/users?currentPage=1&itemsPerPage=10 72.289
304 GET /api/users?currentPage=1&itemsPerPage=10 69.350
304 GET /api/users?currentPage=1&itemsPerPage=10 65.867
304 GET /api/users?currentPage=1&itemsPerPage=10 200.416
304 GET /api/users?currentPage=1&itemsPerPage=10 63.957
304 GET /api/users?currentPage=1&itemsPerPage=10 74.761
304 GET /api/users?currentPage=1&itemsPerPage=10 65.175
304 GET /api/users?currentPage=1&itemsPerPage=10 65.468
304 GET /api/users?currentPage=1&itemsPerPage=10 69.334
304 GET /api/users?currentPage=1&itemsPerPage=10 70.680
304 GET /api/users?currentPage=1&itemsPerPage=10 63.773
304 GET /api/users?currentPage=1&itemsPerPage=10 63.389
304 GET /api/users?currentPage=1&itemsPerPage=10 64.851
304 GET /api/users?currentPage=1&itemsPerPage=10 66.831
304 GET /api/users?currentPage=1&itemsPerPage=10 63.838
304 GET /api/users?currentPage=1&itemsPerPage=10 64.941
304 GET /api/users?currentPage=1&itemsPerPage=10 65.911
304 GET /api/users?currentPage=1&itemsPerPage=10 73.051
304 GET /api/users?currentPage=1&itemsPerPage=10 67.170
304 GET /api/users?currentPage=1&itemsPerPage=10 64.966
304 GET /api/users?currentPage=1&itemsPerPage=10 65.504
304 GET /api/users?currentPage=1&itemsPerPage=10 62.780
200 GET /api/users?currentPage=106&itemsPerPage=10 62.919
200 GET /api/users?currentPage=104&itemsPerPage=10 66.130
304 GET /api/users/images/dd8df8ce-2050-47dc-91c1-6d526a6d2948 1.078
304 GET /api/users/images/f78fe6b3-646f-4320-99ee-6c4e6351a9ed.png 0.464
304 GET /api/users/images/7fcce2e1-9716-4d91-badf-8d4b9ec15ae4.png 0.272
304 GET /api/users/images/4fe2d0aa-8c2d-4e67-a122-08134d701671.png 0.184
304 GET /images/c359fa8a-17e5-4d98-a517-aa0a32df9e2e.png 0.193
200 GET /api/users?currentPage=105&itemsPerPage=10 66.172
